2025-09-01 18:18:14 | INFO     | core.sync.sync_stock:sync_stock_zh_a_spot_em:323 - Fetched 5743 stock records from API
2025-09-01 18:18:15 | INFO     | core.sync.sync_stock:sync_stock_zh_a_spot_em:380 - Deleted all existing stock spot data
2025-09-01 18:18:16 | INFO     | core.sync.sync_stock:sync_stock_zh_a_spot_em:394 - Committed batch 1, records: 1000
2025-09-01 18:18:16 | INFO     | core.sync.sync_stock:sync_stock_zh_a_spot_em:394 - Committed batch 2, records: 1000
2025-09-01 18:18:17 | INFO     | core.sync.sync_stock:sync_stock_zh_a_spot_em:394 - Committed batch 3, records: 1000
2025-09-01 18:18:18 | INFO     | core.sync.sync_stock:sync_stock_zh_a_spot_em:394 - Committed batch 4, records: 1000
2025-09-01 18:18:19 | INFO     | core.sync.sync_stock:sync_stock_zh_a_spot_em:394 - Committed batch 5, records: 1000
2025-09-01 18:18:19 | INFO     | core.sync.sync_stock:sync_stock_zh_a_spot_em:394 - Committed batch 6, records: 743
2025-09-01 18:18:19 | INFO     | core.sync.sync_stock:sync_stock_zh_a_spot_em:396 - Successfully synced 5743 stock records
2025-09-01 18:22:26 | INFO     | core.sync.sync_stock:sync_stock_zh_a_hist_all:32 - 开始同步历史数据，结束日期: 2025-09-01, 复权: hfq, 并发: 5
2025-09-01 18:22:27 | INFO     | core.sync.sync_stock:sync_stock_zh_a_hist_all:48 - 股票代码: 5743, 已有任务: 0
2025-09-01 18:22:28 | INFO     | core.sync.sync_stock:sync_stock_zh_a_hist_all:65 - 新增任务: 5743
2025-09-01 18:22:29 | INFO     | core.sync.sync_stock:sync_stock_zh_a_hist_all:92 - 待处理任务: 500
2025-09-01 18:22:29 | INFO     | core.sync.sync_stock:process_symbol:106 - [000001] 开始同步
2025-09-01 18:22:29 | INFO     | core.sync.sync_stock:process_symbol:106 - [000002] 开始同步
2025-09-01 18:22:29 | INFO     | core.sync.sync_stock:process_symbol:106 - [000003] 开始同步
2025-09-01 18:22:29 | INFO     | core.sync.sync_stock:process_symbol:106 - [000004] 开始同步
2025-09-01 18:22:29 | INFO     | core.sync.sync_stock:process_symbol:106 - [000005] 开始同步
2025-09-01 18:22:29 | INFO     | core.sync.sync_stock:sync_stock_zh_a_hist:231 - [000001] 使用数据库最新日期后一天作为开始日期: 20250830
2025-09-01 18:22:29 | INFO     | core.sync.sync_stock:sync_stock_zh_a_hist:231 - [000002] 使用数据库最新日期后一天作为开始日期: 20250830
2025-09-01 18:22:29 | INFO     | core.sync.sync_stock:sync_stock_zh_a_hist:231 - [000005] 使用数据库最新日期后一天作为开始日期: 20240306
2025-09-01 18:22:29 | INFO     | core.sync.sync_stock:sync_stock_zh_a_hist:231 - [000004] 使用数据库最新日期后一天作为开始日期: 20250830
2025-09-01 18:22:29 | INFO     | core.sync.sync_stock:sync_stock_zh_a_hist:231 - [000003] 使用数据库最新日期后一天作为开始日期: 20020427
2025-09-01 18:22:30 | INFO     | core.sync.sync_stock:sync_stock_zh_a_hist:256 - [000005] 未获取到 20240306 至 20250901 的历史数据
2025-09-01 18:22:30 | INFO     | core.sync.sync_stock:sync_stock_zh_a_hist:256 - [000003] 未获取到 20020427 至 20250901 的历史数据
2025-09-01 18:22:30 | INFO     | core.sync.sync_stock:process_symbol:119 - [000005] 完成，耗时: 1.02s，记录: 0
2025-09-01 18:22:30 | INFO     | core.sync.sync_stock:process_symbol:119 - [000003] 完成，耗时: 1.02s，记录: 0
2025-09-01 18:22:30 | INFO     | core.sync.sync_stock:sync_stock_zh_a_hist:303 - [000001] 成功插入 1 条历史记录，调整类型: hfq
2025-09-01 18:22:30 | INFO     | core.sync.sync_stock:process_symbol:119 - [000001] 完成，耗时: 1.12s，记录: 1
2025-09-01 18:22:30 | INFO     | core.sync.sync_stock:sync_stock_zh_a_hist:303 - [000002] 成功插入 1 条历史记录，调整类型: hfq
2025-09-01 18:22:30 | INFO     | core.sync.sync_stock:process_symbol:119 - [000002] 完成，耗时: 1.34s，记录: 1
2025-09-01 18:22:30 | INFO     | core.sync.sync_stock:sync_stock_zh_a_hist:303 - [000004] 成功插入 1 条历史记录，调整类型: hfq
2025-09-01 18:22:30 | INFO     | core.sync.sync_stock:process_symbol:119 - [000004] 完成，耗时: 1.51s，记录: 1
2025-09-01 18:22:31 | INFO     | core.sync.sync_stock:process_symbol:106 - [000006] 开始同步
2025-09-01 18:22:31 | INFO     | core.sync.sync_stock:sync_stock_zh_a_hist:231 - [000006] 使用数据库最新日期后一天作为开始日期: 20250830
2025-09-01 18:22:32 | INFO     | core.sync.sync_stock:sync_stock_zh_a_hist_all:182 - 进度 1/500 (0.2%) | 成功:1 失败:0 | 耗时:3s 剩余:1374s
2025-09-01 18:22:32 | INFO     | core.sync.sync_stock:process_symbol:106 - [000007] 开始同步
2025-09-01 18:22:32 | INFO     | core.sync.sync_stock:sync_stock_zh_a_hist:231 - [000007] 使用数据库最新日期后一天作为开始日期: 20250830
2025-09-01 18:22:32 | INFO     | core.sync.sync_stock:process_symbol:106 - [000008] 开始同步
2025-09-01 18:22:32 | INFO     | core.sync.sync_stock:process_symbol:106 - [000009] 开始同步
2025-09-01 18:22:32 | INFO     | core.sync.sync_stock:sync_stock_zh_a_hist_all:182 - 进度 2/500 (0.4%) | 成功:2 失败:0 | 耗时:3s 剩余:798s
2025-09-01 18:22:32 | INFO     | core.sync.sync_stock:sync_stock_zh_a_hist:231 - [000008] 使用数据库最新日期后一天作为开始日期: 20250830
2025-09-01 18:22:32 | INFO     | core.sync.sync_stock:sync_stock_zh_a_hist:231 - [000009] 使用数据库最新日期后一天作为开始日期: 20250830
2025-09-01 18:22:32 | INFO     | core.sync.sync_stock:sync_stock_zh_a_hist:303 - [000006] 成功插入 1 条历史记录，调整类型: hfq
2025-09-01 18:22:32 | INFO     | core.sync.sync_stock:process_symbol:119 - [000006] 完成，耗时: 1.17s，记录: 1
2025-09-01 18:22:32 | INFO     | core.sync.sync_stock:sync_stock_zh_a_hist_all:182 - 进度 3/500 (0.6%) | 成功:3 失败:0 | 耗时:4s 剩余:602s
2025-09-01 18:22:33 | INFO     | core.sync.sync_stock:process_symbol:106 - [000010] 开始同步
2025-09-01 18:22:33 | INFO     | core.sync.sync_stock:sync_stock_zh_a_hist:303 - [000007] 成功插入 1 条历史记录，调整类型: hfq
2025-09-01 18:22:33 | INFO     | core.sync.sync_stock:process_symbol:119 - [000007] 完成，耗时: 1.05s，记录: 1
2025-09-01 18:22:33 | INFO     | core.sync.sync_stock:sync_stock_zh_a_hist:231 - [000010] 使用数据库最新日期后一天作为开始日期: 20250830
2025-09-01 18:22:33 | INFO     | core.sync.sync_stock:sync_stock_zh_a_hist_all:182 - 进度 4/500 (0.8%) | 成功:4 失败:0 | 耗时:4s 剩余:504s
2025-09-01 18:22:33 | INFO     | core.sync.sync_stock:sync_stock_zh_a_hist:303 - [000008] 成功插入 1 条历史记录，调整类型: hfq
2025-09-01 18:22:33 | INFO     | core.sync.sync_stock:process_symbol:119 - [000008] 完成，耗时: 1.34s，记录: 1
2025-09-01 18:22:33 | INFO     | core.sync.sync_stock:sync_stock_zh_a_hist_all:182 - 进度 5/500 (1.0%) | 成功:5 失败:0 | 耗时:5s 剩余:446s
2025-09-01 18:22:33 | INFO     | core.sync.sync_stock:sync_stock_zh_a_hist:303 - [000009] 成功插入 1 条历史记录，调整类型: hfq
2025-09-01 18:22:33 | INFO     | core.sync.sync_stock:process_symbol:119 - [000009] 完成，耗时: 1.55s，记录: 1
2025-09-01 18:22:34 | INFO     | core.sync.sync_stock:sync_stock_zh_a_hist:303 - [000010] 成功插入 1 条历史记录，调整类型: hfq
2025-09-01 18:22:34 | INFO     | core.sync.sync_stock:process_symbol:119 - [000010] 完成，耗时: 1.12s，记录: 1
2025-09-01 18:22:34 | INFO     | core.sync.sync_stock:process_symbol:106 - [000011] 开始同步
2025-09-01 18:22:34 | INFO     | core.sync.sync_stock:sync_stock_zh_a_hist:231 - [000011] 使用数据库最新日期后一天作为开始日期: 20250830
2025-09-01 18:22:35 | INFO     | core.sync.sync_stock:sync_stock_zh_a_hist_all:182 - 进度 6/500 (1.2%) | 成功:6 失败:0 | 耗时:6s 剩余:476s
2025-09-01 18:22:35 | INFO     | core.sync.sync_stock:process_symbol:106 - [000012] 开始同步
2025-09-01 18:22:35 | INFO     | core.sync.sync_stock:sync_stock_zh_a_hist:231 - [000012] 使用数据库最新日期后一天作为开始日期: 20250830
2025-09-01 18:22:36 | INFO     | core.sync.sync_stock:sync_stock_zh_a_hist_all:182 - 进度 7/500 (1.4%) | 成功:7 失败:0 | 耗时:7s 剩余:491s
2025-09-01 18:22:36 | INFO     | core.sync.sync_stock:sync_stock_zh_a_hist:303 - [000011] 成功插入 1 条历史记录，调整类型: hfq
2025-09-01 18:22:36 | INFO     | core.sync.sync_stock:process_symbol:119 - [000011] 完成，耗时: 1.87s，记录: 1
2025-09-01 18:22:36 | INFO     | core.sync.sync_stock:process_symbol:106 - [000013] 开始同步
2025-09-01 18:22:36 | INFO     | core.sync.sync_stock:process_symbol:106 - [000014] 开始同步
2025-09-01 18:22:36 | INFO     | core.sync.sync_stock:sync_stock_zh_a_hist:231 - [000014] 使用数据库最新日期后一天作为开始日期: 20250830
2025-09-01 18:22:36 | INFO     | core.sync.sync_stock:sync_stock_zh_a_hist:231 - [000013] 使用数据库最新日期后一天作为开始日期: 20040429
2025-09-01 18:22:37 | INFO     | core.sync.sync_stock:process_symbol:106 - [000015] 开始同步
2025-09-01 18:22:37 | INFO     | core.sync.sync_stock:sync_stock_zh_a_hist:303 - [000012] 成功插入 1 条历史记录，调整类型: hfq
2025-09-01 18:22:37 | INFO     | core.sync.sync_stock:process_symbol:119 - [000012] 完成，耗时: 1.61s，记录: 1
2025-09-01 18:22:37 | INFO     | core.sync.sync_stock:sync_stock_zh_a_hist_all:182 - 进度 8/500 (1.6%) | 成功:8 失败:0 | 耗时:8s 剩余:491s
2025-09-01 18:22:37 | INFO     | core.sync.sync_stock:sync_stock_zh_a_hist:231 - [000015] 使用数据库最新日期后一天作为开始日期: 20010609
2025-09-01 18:22:37 | INFO     | core.sync.sync_stock:sync_stock_zh_a_hist:256 - [000013] 未获取到 20040429 至 20250901 的历史数据
2025-09-01 18:22:37 | INFO     | core.sync.sync_stock:process_symbol:119 - [000013] 完成，耗时: 1.30s，记录: 0
2025-09-01 18:22:37 | INFO     | core.sync.sync_stock:sync_stock_zh_a_hist_all:182 - 进度 9/500 (1.8%) | 成功:9 失败:0 | 耗时:9s 剩余:467s
2025-09-01 18:22:37 | INFO     | core.sync.sync_stock:sync_stock_zh_a_hist:256 - [000015] 未获取到 20010609 至 20250901 的历史数据
2025-09-01 18:22:37 | INFO     | core.sync.sync_stock:process_symbol:119 - [000015] 完成，耗时: 0.90s，记录: 0
2025-09-01 18:22:37 | INFO     | core.sync.sync_stock:sync_stock_zh_a_hist:303 - [000014] 成功插入 1 条历史记录，调整类型: hfq
2025-09-01 18:22:37 | INFO     | core.sync.sync_stock:process_symbol:119 - [000014] 完成，耗时: 1.39s，记录: 1
2025-09-01 18:22:38 | INFO     | core.sync.sync_stock:process_symbol:106 - [000016] 开始同步
2025-09-01 18:22:38 | INFO     | core.sync.sync_stock:sync_stock_zh_a_hist_all:182 - 进度 10/500 (2.0%) | 成功:10 失败:0 | 耗时:9s 剩余:440s
2025-09-01 18:22:38 | INFO     | core.sync.sync_stock:sync_stock_zh_a_hist:231 - [000016] 使用数据库最新日期后一天作为开始日期: 20250830
2025-09-01 18:22:38 | INFO     | core.sync.sync_stock:sync_stock_zh_a_hist_all:182 - 进度 11/500 (2.2%) | 成功:11 失败:0 | 耗时:9s 剩余:420s
2025-09-01 18:22:39 | INFO     | core.sync.sync_stock:sync_stock_zh_a_hist:303 - [000016] 成功插入 1 条历史记录，调整类型: hfq
2025-09-01 18:22:39 | INFO     | core.sync.sync_stock:process_symbol:119 - [000016] 完成，耗时: 1.08s，记录: 1
2025-09-01 18:22:40 | INFO     | core.sync.sync_stock:process_symbol:106 - [000017] 开始同步
2025-09-01 18:22:40 | INFO     | core.sync.sync_stock:process_symbol:106 - [000018] 开始同步
2025-09-01 18:22:40 | INFO     | core.sync.sync_stock:process_symbol:106 - [000019] 开始同步
2025-09-01 18:22:40 | INFO     | core.sync.sync_stock:sync_stock_zh_a_hist:231 - [000017] 使用数据库最新日期后一天作为开始日期: 20250830
2025-09-01 18:22:40 | INFO     | core.sync.sync_stock:process_symbol:106 - [000020] 开始同步
2025-09-01 18:22:40 | INFO     | core.sync.sync_stock:sync_stock_zh_a_hist:231 - [000018] 使用数据库最新日期后一天作为开始日期: 20200107
2025-09-01 18:22:40 | INFO     | core.sync.sync_stock:sync_stock_zh_a_hist:231 - [000019] 使用数据库最新日期后一天作为开始日期: 20250830
2025-09-01 18:22:40 | INFO     | core.sync.sync_stock:sync_stock_zh_a_hist:231 - [000020] 使用数据库最新日期后一天作为开始日期: 20250830
2025-09-01 18:22:40 | INFO     | core.sync.sync_stock:sync_stock_zh_a_hist_all:182 - 进度 12/500 (2.4%) | 成功:12 失败:0 | 耗时:11s 剩余:453s
2025-09-01 18:22:40 | INFO     | core.sync.sync_stock:sync_stock_zh_a_hist:256 - [000018] 未获取到 20200107 至 20250901 的历史数据
2025-09-01 18:22:40 | INFO     | core.sync.sync_stock:process_symbol:119 - [000018] 完成，耗时: 0.62s，记录: 0
2025-09-01 18:22:40 | INFO     | core.sync.sync_stock:sync_stock_zh_a_hist_all:182 - 进度 13/500 (2.6%) | 成功:13 失败:0 | 耗时:12s 剩余:434s
2025-09-01 18:22:41 | INFO     | core.sync.sync_stock:sync_stock_zh_a_hist:303 - [000019] 成功插入 1 条历史记录，调整类型: hfq
2025-09-01 18:22:41 | INFO     | core.sync.sync_stock:process_symbol:119 - [000019] 完成，耗时: 1.07s，记录: 1
2025-09-01 18:22:41 | INFO     | core.sync.sync_stock:sync_stock_zh_a_hist:303 - [000017] 成功插入 1 条历史记录，调整类型: hfq
2025-09-01 18:22:41 | INFO     | core.sync.sync_stock:process_symbol:119 - [000017] 完成，耗时: 1.28s，记录: 1
2025-09-01 18:22:41 | INFO     | core.sync.sync_stock:sync_stock_zh_a_hist_all:182 - 进度 14/500 (2.8%) | 成功:14 失败:0 | 耗时:12s 剩余:418s
2025-09-01 18:22:41 | INFO     | core.sync.sync_stock:sync_stock_zh_a_hist:303 - [000020] 成功插入 1 条历史记录，调整类型: hfq
2025-09-01 18:22:41 | INFO     | core.sync.sync_stock:process_symbol:119 - [000020] 完成，耗时: 1.11s，记录: 1
2025-09-01 18:22:41 | INFO     | core.sync.sync_stock:sync_stock_zh_a_hist_all:182 - 进度 15/500 (3.0%) | 成功:15 失败:0 | 耗时:12s 剩余:403s
2025-09-01 18:22:42 | INFO     | core.sync.sync_stock:process_symbol:106 - [000021] 开始同步
2025-09-01 18:22:42 | INFO     | core.sync.sync_stock:sync_stock_zh_a_hist:231 - [000021] 使用数据库最新日期后一天作为开始日期: 20250830
2025-09-01 18:22:42 | INFO     | core.sync.sync_stock:sync_stock_zh_a_hist_all:182 - 进度 16/500 (3.2%) | 成功:16 失败:0 | 耗时:13s 剩余:400s
2025-09-01 18:22:42 | INFO     | core.sync.sync_stock:process_symbol:106 - [000023] 开始同步
2025-09-01 18:22:42 | INFO     | core.sync.sync_stock:process_symbol:106 - [000024] 开始同步
2025-09-01 18:22:42 | INFO     | core.sync.sync_stock:process_symbol:106 - [000025] 开始同步
2025-09-01 18:22:43 | INFO     | core.sync.sync_stock:sync_stock_zh_a_hist:231 - [000024] 使用数据库最新日期后一天作为开始日期: 20151208
2025-09-01 18:22:43 | INFO     | core.sync.sync_stock:sync_stock_zh_a_hist:303 - [000021] 成功插入 1 条历史记录，调整类型: hfq
2025-09-01 18:22:43 | INFO     | core.sync.sync_stock:process_symbol:119 - [000021] 完成，耗时: 1.10s，记录: 1
2025-09-01 18:22:43 | INFO     | core.sync.sync_stock:process_symbol:106 - [000026] 开始同步
2025-09-01 18:22:43 | INFO     | core.sync.sync_stock:sync_stock_zh_a_hist_all:182 - 进度 17/500 (3.4%) | 成功:17 失败:0 | 耗时:14s 剩余:397s
2025-09-01 18:22:43 | INFO     | core.sync.sync_stock:sync_stock_zh_a_hist:256 - [000024] 未获取到 20151208 至 20250901 的历史数据
2025-09-01 18:22:43 | INFO     | core.sync.sync_stock:process_symbol:119 - [000024] 完成，耗时: 0.64s，记录: 0
2025-09-01 18:22:43 | INFO     | core.sync.sync_stock:sync_stock_zh_a_hist_all:182 - 进度 18/500 (3.6%) | 成功:18 失败:0 | 耗时:14s 剩余:386s
2025-09-01 18:22:44 | INFO     | core.sync.sync_stock:sync_stock_zh_a_hist_all:182 - 进度 19/500 (3.8%) | 成功:19 失败:0 | 耗时:15s 剩余:378s
2025-09-01 18:22:44 | INFO     | core.sync.sync_stock:process_symbol:106 - [000027] 开始同步
2025-09-01 18:22:44 | INFO     | core.sync.sync_stock:sync_stock_zh_a_hist_all:182 - 进度 20/500 (4.0%) | 成功:20 失败:0 | 耗时:15s 剩余:370s
2025-09-01 18:22:45 | INFO     | core.sync.sync_stock:sync_stock_zh_a_hist_all:182 - 进度 21/500 (4.2%) | 成功:21 失败:0 | 耗时:16s 剩余:364s
2025-09-01 18:22:45 | INFO     | core.sync.sync_stock:process_symbol:106 - [000028] 开始同步
2025-09-01 18:22:45 | INFO     | core.sync.sync_stock:sync_stock_zh_a_hist_all:182 - 进度 22/500 (4.4%) | 成功:22 失败:0 | 耗时:16s 剩余:356s
2025-09-01 18:28:48 | INFO     | core.sync.sync_stock:sync_stock_zh_a_hist_all:32 - 开始同步历史数据，结束日期: 2025-09-01, 复权: hfq, 并发: 5
2025-09-01 18:28:49 | INFO     | core.sync.sync_stock:sync_stock_zh_a_hist_all:48 - 股票代码: 5743, 已有任务: 5743
2025-09-01 18:28:50 | INFO     | core.sync.sync_stock:sync_stock_zh_a_hist_all:65 - 新增任务: 0
2025-09-01 18:28:50 | INFO     | core.sync.sync_stock:sync_stock_zh_a_hist_all:92 - 待处理任务: 500
2025-09-01 18:28:51 | INFO     | core.sync.sync_stock:process_symbol:106 - [000023] 开始同步
2025-09-01 18:28:51 | INFO     | core.sync.sync_stock:process_symbol:106 - [000025] 开始同步
2025-09-01 18:28:51 | INFO     | core.sync.sync_stock:process_symbol:106 - [000026] 开始同步
2025-09-01 18:28:51 | INFO     | core.sync.sync_stock:process_symbol:106 - [000027] 开始同步
2025-09-01 18:28:51 | INFO     | core.sync.sync_stock:process_symbol:106 - [000028] 开始同步
2025-09-01 18:28:53 | ERROR    | core.sync.sync_stock:sync_stock_zh_a_hist:348 - [000025] 数据库操作失败: strptime() argument 1 must be str, not datetime.date
2025-09-01 18:28:53 | ERROR    | core.sync.sync_stock:sync_stock_zh_a_hist:348 - [000023] 数据库操作失败: strptime() argument 1 must be str, not datetime.date
2025-09-01 18:28:53 | ERROR    | core.sync.sync_stock:process_symbol:126 - [000025] 失败，耗时: 1.99s，错误: strptime() argument 1 must be str, not datetime.date
2025-09-01 18:28:53 | ERROR    | core.sync.sync_stock:process_symbol:126 - [000023] 失败，耗时: 2.00s，错误: strptime() argument 1 must be str, not datetime.date
2025-09-01 18:28:53 | ERROR    | core.sync.sync_stock:sync_stock_zh_a_hist:348 - [000026] 数据库操作失败: strptime() argument 1 must be str, not datetime.date
2025-09-01 18:28:53 | ERROR    | core.sync.sync_stock:process_symbol:126 - [000026] 失败，耗时: 2.36s，错误: strptime() argument 1 must be str, not datetime.date
2025-09-01 18:28:53 | ERROR    | core.sync.sync_stock:sync_stock_zh_a_hist:348 - [000028] 数据库操作失败: strptime() argument 1 must be str, not datetime.date
2025-09-01 18:28:53 | ERROR    | core.sync.sync_stock:process_symbol:126 - [000028] 失败，耗时: 2.41s，错误: strptime() argument 1 must be str, not datetime.date
2025-09-01 18:28:53 | ERROR    | core.sync.sync_stock:sync_stock_zh_a_hist:348 - [000027] 数据库操作失败: strptime() argument 1 must be str, not datetime.date
2025-09-01 18:28:53 | ERROR    | core.sync.sync_stock:process_symbol:126 - [000027] 失败，耗时: 2.50s，错误: strptime() argument 1 must be str, not datetime.date
2025-09-01 18:28:55 | INFO     | core.sync.sync_stock:process_symbol:106 - [000029] 开始同步
2025-09-01 18:28:55 | INFO     | core.sync.sync_stock:process_symbol:106 - [000030] 开始同步
2025-09-01 18:28:55 | INFO     | core.sync.sync_stock:process_symbol:106 - [000031] 开始同步
2025-09-01 18:28:55 | INFO     | core.sync.sync_stock:process_symbol:106 - [000032] 开始同步
2025-09-01 18:28:56 | INFO     | core.sync.sync_stock:sync_stock_zh_a_hist_all:182 - 进度 1/500 (0.2%) | 成功:0 失败:1 | 耗时:5s 剩余:2438s
2025-09-01 18:28:56 | INFO     | core.sync.sync_stock:process_symbol:106 - [000033] 开始同步
2025-09-01 18:28:56 | INFO     | core.sync.sync_stock:sync_stock_zh_a_hist_all:182 - 进度 2/500 (0.4%) | 成功:0 失败:2 | 耗时:5s 剩余:1354s
2025-09-01 18:28:57 | ERROR    | core.sync.sync_stock:sync_stock_zh_a_hist:348 - [000030] 数据库操作失败: strptime() argument 1 must be str, not datetime.date
2025-09-01 18:28:57 | ERROR    | core.sync.sync_stock:process_symbol:126 - [000030] 失败，耗时: 1.75s，错误: strptime() argument 1 must be str, not datetime.date
2025-09-01 18:28:57 | ERROR    | core.sync.sync_stock:sync_stock_zh_a_hist:348 - [000029] 数据库操作失败: strptime() argument 1 must be str, not datetime.date
2025-09-01 18:28:57 | ERROR    | core.sync.sync_stock:process_symbol:126 - [000029] 失败，耗时: 1.98s，错误: strptime() argument 1 must be str, not datetime.date
2025-09-01 18:28:57 | INFO     | core.sync.sync_stock:sync_stock_zh_a_hist_all:182 - 进度 3/500 (0.6%) | 成功:0 失败:3 | 耗时:6s 剩余:1042s
2025-09-01 18:28:57 | ERROR    | core.sync.sync_stock:sync_stock_zh_a_hist:348 - [000031] 数据库操作失败: strptime() argument 1 must be str, not datetime.date
2025-09-01 18:28:57 | ERROR    | core.sync.sync_stock:sync_stock_zh_a_hist:348 - [000032] 数据库操作失败: strptime() argument 1 must be str, not datetime.date
2025-09-01 18:28:57 | ERROR    | core.sync.sync_stock:process_symbol:126 - [000031] 失败，耗时: 1.95s，错误: strptime() argument 1 must be str, not datetime.date
2025-09-01 18:28:57 | ERROR    | core.sync.sync_stock:process_symbol:126 - [000032] 失败，耗时: 1.79s，错误: strptime() argument 1 must be str, not datetime.date
2025-09-01 18:28:58 | INFO     | core.sync.sync_stock:sync_stock_zh_a_hist_all:182 - 进度 4/500 (0.8%) | 成功:0 失败:4 | 耗时:7s 剩余:860s
2025-09-01 18:28:58 | ERROR    | core.sync.sync_stock:sync_stock_zh_a_hist:348 - [000033] 数据库操作失败: strptime() argument 1 must be str, not datetime.date
2025-09-01 18:28:58 | ERROR    | core.sync.sync_stock:process_symbol:126 - [000033] 失败，耗时: 1.87s，错误: strptime() argument 1 must be str, not datetime.date
2025-09-01 18:28:58 | INFO     | core.sync.sync_stock:sync_stock_zh_a_hist_all:182 - 进度 5/500 (1.0%) | 成功:0 失败:5 | 耗时:7s 剩余:731s
2025-09-01 18:28:58 | INFO     | core.sync.sync_stock:process_symbol:106 - [000034] 开始同步
2025-09-01 18:28:59 | INFO     | core.sync.sync_stock:process_symbol:106 - [000035] 开始同步
2025-09-01 18:28:59 | INFO     | core.sync.sync_stock:sync_stock_zh_a_hist_all:182 - 进度 6/500 (1.2%) | 成功:0 失败:6 | 耗时:8s 剩余:672s
2025-09-01 18:28:59 | INFO     | core.sync.sync_stock:process_symbol:106 - [000036] 开始同步
2025-09-01 18:28:59 | INFO     | core.sync.sync_stock:process_symbol:106 - [000037] 开始同步
2025-09-01 18:28:59 | INFO     | core.sync.sync_stock:process_symbol:106 - [000038] 开始同步
2025-09-01 18:28:59 | INFO     | core.sync.sync_stock:sync_stock_zh_a_hist_all:182 - 进度 7/500 (1.4%) | 成功:0 失败:7 | 耗时:9s 剩余:607s
2025-09-01 18:29:00 | INFO     | core.sync.sync_stock:sync_stock_zh_a_hist_all:182 - 进度 8/500 (1.6%) | 成功:0 失败:8 | 耗时:9s 剩余:568s
2025-09-01 18:29:00 | ERROR    | core.sync.sync_stock:sync_stock_zh_a_hist:348 - [000034] 数据库操作失败: strptime() argument 1 must be str, not datetime.date
2025-09-01 18:29:00 | ERROR    | core.sync.sync_stock:process_symbol:126 - [000034] 失败，耗时: 1.69s，错误: strptime() argument 1 must be str, not datetime.date
2025-09-01 18:29:00 | INFO     | core.sync.sync_stock:sync_stock_zh_a_hist_all:182 - 进度 9/500 (1.8%) | 成功:0 失败:9 | 耗时:10s 剩余:530s
2025-09-01 18:29:00 | ERROR    | core.sync.sync_stock:sync_stock_zh_a_hist:348 - [000035] 数据库操作失败: strptime() argument 1 must be str, not datetime.date
2025-09-01 18:29:00 | ERROR    | core.sync.sync_stock:process_symbol:126 - [000035] 失败，耗时: 1.64s，错误: strptime() argument 1 must be str, not datetime.date
2025-09-01 18:29:01 | ERROR    | core.sync.sync_stock:sync_stock_zh_a_hist:348 - [000036] 数据库操作失败: strptime() argument 1 must be str, not datetime.date
2025-09-01 18:29:01 | ERROR    | core.sync.sync_stock:process_symbol:126 - [000036] 失败，耗时: 1.63s，错误: strptime() argument 1 must be str, not datetime.date
2025-09-01 18:29:01 | ERROR    | core.sync.sync_stock:sync_stock_zh_a_hist:348 - [000038] 数据库操作失败: strptime() argument 1 must be str, not datetime.date
2025-09-01 18:29:01 | ERROR    | core.sync.sync_stock:process_symbol:126 - [000038] 失败，耗时: 1.53s，错误: strptime() argument 1 must be str, not datetime.date
2025-09-01 18:29:01 | INFO     | core.sync.sync_stock:sync_stock_zh_a_hist_all:182 - 进度 10/500 (2.0%) | 成功:0 失败:10 | 耗时:10s 剩余:502s
2025-09-01 18:29:01 | ERROR    | core.sync.sync_stock:sync_stock_zh_a_hist:348 - [000037] 数据库操作失败: strptime() argument 1 must be str, not datetime.date
2025-09-01 18:29:01 | ERROR    | core.sync.sync_stock:process_symbol:126 - [000037] 失败，耗时: 2.05s，错误: strptime() argument 1 must be str, not datetime.date
2025-09-01 18:29:02 | INFO     | core.sync.sync_stock:process_symbol:106 - [000039] 开始同步
2025-09-01 18:29:02 | INFO     | core.sync.sync_stock:process_symbol:106 - [000040] 开始同步
2025-09-01 18:29:02 | INFO     | core.sync.sync_stock:process_symbol:106 - [000042] 开始同步
2025-09-01 18:29:03 | INFO     | core.sync.sync_stock:process_symbol:106 - [000045] 开始同步
2025-09-01 18:29:03 | INFO     | core.sync.sync_stock:process_symbol:106 - [000046] 开始同步
2025-09-01 18:29:03 | ERROR    | core.sync.sync_stock:sync_stock_zh_a_hist:348 - [000040] 数据库操作失败: strptime() argument 1 must be str, not datetime.date
2025-09-01 18:29:03 | ERROR    | core.sync.sync_stock:process_symbol:126 - [000040] 失败，耗时: 1.51s，错误: strptime() argument 1 must be str, not datetime.date
2025-09-01 18:29:04 | ERROR    | core.sync.sync_stock:sync_stock_zh_a_hist:348 - [000039] 数据库操作失败: strptime() argument 1 must be str, not datetime.date
2025-09-01 18:29:04 | ERROR    | core.sync.sync_stock:process_symbol:126 - [000039] 失败，耗时: 2.01s，错误: strptime() argument 1 must be str, not datetime.date
2025-09-01 18:29:04 | ERROR    | core.sync.sync_stock:sync_stock_zh_a_hist:348 - [000042] 数据库操作失败: strptime() argument 1 must be str, not datetime.date
2025-09-01 18:29:04 | ERROR    | core.sync.sync_stock:process_symbol:126 - [000042] 失败，耗时: 1.83s，错误: strptime() argument 1 must be str, not datetime.date
2025-09-01 18:29:04 | ERROR    | core.sync.sync_stock:sync_stock_zh_a_hist:348 - [000045] 数据库操作失败: strptime() argument 1 must be str, not datetime.date
2025-09-01 18:29:04 | ERROR    | core.sync.sync_stock:process_symbol:126 - [000045] 失败，耗时: 1.69s，错误: strptime() argument 1 must be str, not datetime.date
2025-09-01 18:29:04 | ERROR    | core.sync.sync_stock:sync_stock_zh_a_hist:348 - [000046] 数据库操作失败: strptime() argument 1 must be str, not datetime.date
2025-09-01 18:29:04 | ERROR    | core.sync.sync_stock:process_symbol:126 - [000046] 失败，耗时: 1.68s，错误: strptime() argument 1 must be str, not datetime.date
2025-09-01 18:29:05 | INFO     | core.sync.sync_stock:process_symbol:106 - [000047] 开始同步
2025-09-01 18:29:06 | INFO     | core.sync.sync_stock:process_symbol:106 - [000048] 开始同步
2025-09-01 18:29:06 | INFO     | core.sync.sync_stock:process_symbol:106 - [000049] 开始同步
2025-09-01 18:29:07 | ERROR    | core.sync.sync_stock:sync_stock_zh_a_hist:348 - [000047] 数据库操作失败: strptime() argument 1 must be str, not datetime.date
2025-09-01 18:29:07 | ERROR    | core.sync.sync_stock:process_symbol:126 - [000047] 失败，耗时: 1.15s，错误: strptime() argument 1 must be str, not datetime.date
2025-09-01 18:29:07 | INFO     | core.sync.sync_stock:process_symbol:106 - [000050] 开始同步
2025-09-01 18:29:07 | INFO     | core.sync.sync_stock:process_symbol:106 - [000055] 开始同步
2025-09-01 18:29:08 | ERROR    | core.sync.sync_stock:sync_stock_zh_a_hist:348 - [000048] 数据库操作失败: strptime() argument 1 must be str, not datetime.date
2025-09-01 18:29:08 | ERROR    | core.sync.sync_stock:process_symbol:126 - [000048] 失败，耗时: 2.14s，错误: strptime() argument 1 must be str, not datetime.date
2025-09-01 18:29:08 | ERROR    | core.sync.sync_stock:sync_stock_zh_a_hist:348 - [000049] 数据库操作失败: strptime() argument 1 must be str, not datetime.date
2025-09-01 18:29:08 | ERROR    | core.sync.sync_stock:process_symbol:126 - [000049] 失败，耗时: 2.13s，错误: strptime() argument 1 must be str, not datetime.date
2025-09-01 18:30:44 | INFO     | core.sync.sync_stock:sync_stock_zh_a_hist_all:32 - 开始同步历史数据，结束日期: 2025-09-01, 复权: hfq, 并发: 5
2025-09-01 18:30:45 | INFO     | core.sync.sync_stock:sync_stock_zh_a_hist_all:48 - 股票代码: 5743, 已有任务: 5743
2025-09-01 18:30:46 | INFO     | core.sync.sync_stock:sync_stock_zh_a_hist_all:65 - 新增任务: 0
2025-09-01 18:30:46 | INFO     | core.sync.sync_stock:sync_stock_zh_a_hist_all:92 - 待处理任务: 500
2025-09-01 18:30:46 | INFO     | core.sync.sync_stock:process_symbol:106 - [000023] 开始同步
2025-09-01 18:30:46 | INFO     | core.sync.sync_stock:process_symbol:106 - [000025] 开始同步
2025-09-01 18:30:46 | INFO     | core.sync.sync_stock:process_symbol:106 - [000026] 开始同步
2025-09-01 18:30:46 | INFO     | core.sync.sync_stock:process_symbol:106 - [000027] 开始同步
2025-09-01 18:30:46 | INFO     | core.sync.sync_stock:process_symbol:106 - [000028] 开始同步
2025-09-01 18:30:48 | ERROR    | core.sync.sync_stock:sync_stock_zh_a_hist:349 - [000023] 数据库操作失败: strptime() argument 1 must be str, not datetime.date
2025-09-01 18:30:48 | ERROR    | core.sync.sync_stock:process_symbol:126 - [000023] 失败，耗时: 2.12s，错误: strptime() argument 1 must be str, not datetime.date
2025-09-01 18:30:48 | ERROR    | core.sync.sync_stock:sync_stock_zh_a_hist:349 - [000026] 数据库操作失败: strptime() argument 1 must be str, not datetime.date
2025-09-01 18:30:48 | ERROR    | core.sync.sync_stock:process_symbol:126 - [000026] 失败，耗时: 2.25s，错误: strptime() argument 1 must be str, not datetime.date
2025-09-01 18:30:48 | ERROR    | core.sync.sync_stock:sync_stock_zh_a_hist:349 - [000025] 数据库操作失败: strptime() argument 1 must be str, not datetime.date
2025-09-01 18:30:48 | ERROR    | core.sync.sync_stock:process_symbol:126 - [000025] 失败，耗时: 2.33s，错误: strptime() argument 1 must be str, not datetime.date
2025-09-01 18:30:48 | ERROR    | core.sync.sync_stock:sync_stock_zh_a_hist:349 - [000027] 数据库操作失败: strptime() argument 1 must be str, not datetime.date
2025-09-01 18:30:48 | ERROR    | core.sync.sync_stock:process_symbol:126 - [000027] 失败，耗时: 2.42s，错误: strptime() argument 1 must be str, not datetime.date
2025-09-01 18:30:49 | ERROR    | core.sync.sync_stock:sync_stock_zh_a_hist:349 - [000028] 数据库操作失败: strptime() argument 1 must be str, not datetime.date
2025-09-01 18:30:49 | ERROR    | core.sync.sync_stock:process_symbol:126 - [000028] 失败，耗时: 2.73s，错误: strptime() argument 1 must be str, not datetime.date
2025-09-01 18:30:50 | INFO     | core.sync.sync_stock:process_symbol:106 - [000029] 开始同步
2025-09-01 18:30:50 | INFO     | core.sync.sync_stock:process_symbol:106 - [000030] 开始同步
2025-09-01 18:30:50 | INFO     | core.sync.sync_stock:process_symbol:106 - [000031] 开始同步
2025-09-01 18:30:51 | INFO     | core.sync.sync_stock:process_symbol:106 - [000032] 开始同步
2025-09-01 18:30:51 | INFO     | core.sync.sync_stock:sync_stock_zh_a_hist_all:182 - 进度 1/500 (0.2%) | 成功:0 失败:1 | 耗时:5s 剩余:2277s
2025-09-01 18:30:51 | INFO     | core.sync.sync_stock:process_symbol:106 - [000033] 开始同步
2025-09-01 18:30:51 | INFO     | core.sync.sync_stock:sync_stock_zh_a_hist_all:182 - 进度 2/500 (0.4%) | 成功:0 失败:2 | 耗时:5s 剩余:1325s
2025-09-01 18:30:52 | INFO     | core.sync.sync_stock:sync_stock_zh_a_hist_all:182 - 进度 3/500 (0.6%) | 成功:0 失败:3 | 耗时:6s 剩余:1000s
2025-09-01 18:30:52 | ERROR    | core.sync.sync_stock:sync_stock_zh_a_hist:349 - [000029] 数据库操作失败: strptime() argument 1 must be str, not datetime.date
2025-09-01 18:30:52 | ERROR    | core.sync.sync_stock:process_symbol:126 - [000029] 失败，耗时: 2.45s，错误: strptime() argument 1 must be str, not datetime.date
2025-09-01 18:30:52 | ERROR    | core.sync.sync_stock:sync_stock_zh_a_hist:349 - [000031] 数据库操作失败: strptime() argument 1 must be str, not datetime.date
2025-09-01 18:30:52 | ERROR    | core.sync.sync_stock:process_symbol:126 - [000031] 失败，耗时: 2.12s，错误: strptime() argument 1 must be str, not datetime.date
2025-09-01 18:30:52 | ERROR    | core.sync.sync_stock:sync_stock_zh_a_hist:349 - [000030] 数据库操作失败: strptime() argument 1 must be str, not datetime.date
2025-09-01 18:30:52 | ERROR    | core.sync.sync_stock:process_symbol:126 - [000030] 失败，耗时: 2.14s，错误: strptime() argument 1 must be str, not datetime.date
2025-09-01 18:30:53 | INFO     | core.sync.sync_stock:sync_stock_zh_a_hist_all:182 - 进度 4/500 (0.8%) | 成功:0 失败:4 | 耗时:7s 剩余:807s
2025-09-01 18:30:53 | ERROR    | core.sync.sync_stock:sync_stock_zh_a_hist:349 - [000033] 数据库操作失败: strptime() argument 1 must be str, not datetime.date
2025-09-01 18:30:53 | ERROR    | core.sync.sync_stock:process_symbol:126 - [000033] 失败，耗时: 1.85s，错误: strptime() argument 1 must be str, not datetime.date
2025-09-01 18:30:53 | INFO     | core.sync.sync_stock:sync_stock_zh_a_hist_all:182 - 进度 5/500 (1.0%) | 成功:0 失败:5 | 耗时:7s 剩余:693s
2025-09-01 18:30:53 | ERROR    | core.sync.sync_stock:sync_stock_zh_a_hist:349 - [000032] 数据库操作失败: strptime() argument 1 must be str, not datetime.date
2025-09-01 18:30:53 | ERROR    | core.sync.sync_stock:process_symbol:126 - [000032] 失败，耗时: 2.47s，错误: strptime() argument 1 must be str, not datetime.date
2025-09-01 18:30:54 | INFO     | core.sync.sync_stock:process_symbol:106 - [000034] 开始同步
2025-09-01 18:30:54 | INFO     | core.sync.sync_stock:sync_stock_zh_a_hist_all:182 - 进度 6/500 (1.2%) | 成功:0 失败:6 | 耗时:8s 剩余:672s
2025-09-01 18:30:54 | INFO     | core.sync.sync_stock:process_symbol:106 - [000035] 开始同步
2025-09-01 18:30:54 | INFO     | core.sync.sync_stock:process_symbol:106 - [000036] 开始同步
2025-09-01 18:30:55 | INFO     | core.sync.sync_stock:process_symbol:106 - [000037] 开始同步
2025-09-01 18:30:55 | INFO     | core.sync.sync_stock:process_symbol:106 - [000038] 开始同步
2025-09-01 18:30:55 | INFO     | core.sync.sync_stock:sync_stock_zh_a_hist_all:182 - 进度 7/500 (1.4%) | 成功:0 失败:7 | 耗时:9s 剩余:629s
2025-09-01 18:30:56 | ERROR    | core.sync.sync_stock:sync_stock_zh_a_hist:349 - [000034] 数据库操作失败: strptime() argument 1 must be str, not datetime.date
2025-09-01 18:30:56 | ERROR    | core.sync.sync_stock:process_symbol:126 - [000034] 失败，耗时: 1.95s，错误: strptime() argument 1 must be str, not datetime.date
2025-09-01 18:30:56 | INFO     | core.sync.sync_stock:sync_stock_zh_a_hist_all:182 - 进度 8/500 (1.6%) | 成功:0 失败:8 | 耗时:10s 剩余:590s
2025-09-01 18:30:56 | INFO     | core.sync.sync_stock:sync_stock_zh_a_hist_all:182 - 进度 9/500 (1.8%) | 成功:0 失败:9 | 耗时:10s 剩余:553s
2025-09-01 18:30:56 | ERROR    | core.sync.sync_stock:sync_stock_zh_a_hist:349 - [000036] 数据库操作失败: strptime() argument 1 must be str, not datetime.date
2025-09-01 18:30:56 | ERROR    | core.sync.sync_stock:process_symbol:126 - [000036] 失败，耗时: 1.94s，错误: strptime() argument 1 must be str, not datetime.date
2025-09-01 18:30:57 | INFO     | core.sync.sync_stock:sync_stock_zh_a_hist_all:182 - 进度 10/500 (2.0%) | 成功:0 失败:10 | 耗时:11s 剩余:524s
2025-09-01 18:30:57 | ERROR    | core.sync.sync_stock:sync_stock_zh_a_hist:349 - [000038] 数据库操作失败: strptime() argument 1 must be str, not datetime.date
2025-09-01 18:30:57 | ERROR    | core.sync.sync_stock:process_symbol:126 - [000038] 失败，耗时: 2.00s，错误: strptime() argument 1 must be str, not datetime.date
2025-09-01 18:30:57 | ERROR    | core.sync.sync_stock:sync_stock_zh_a_hist:349 - [000037] 数据库操作失败: strptime() argument 1 must be str, not datetime.date
2025-09-01 18:30:57 | ERROR    | core.sync.sync_stock:process_symbol:126 - [000037] 失败，耗时: 2.12s，错误: strptime() argument 1 must be str, not datetime.date
2025-09-01 18:30:57 | ERROR    | core.sync.sync_stock:sync_stock_zh_a_hist:349 - [000035] 数据库操作失败: strptime() argument 1 must be str, not datetime.date
2025-09-01 18:30:57 | ERROR    | core.sync.sync_stock:process_symbol:126 - [000035] 失败，耗时: 3.07s，错误: strptime() argument 1 must be str, not datetime.date
2025-09-01 18:30:58 | INFO     | core.sync.sync_stock:process_symbol:106 - [000039] 开始同步
2025-09-01 18:30:58 | INFO     | core.sync.sync_stock:process_symbol:106 - [000040] 开始同步
2025-09-01 18:30:59 | INFO     | core.sync.sync_stock:process_symbol:106 - [000042] 开始同步
2025-09-01 18:30:59 | INFO     | core.sync.sync_stock:sync_stock_zh_a_hist_all:182 - 进度 11/500 (2.2%) | 成功:0 失败:11 | 耗时:13s 剩余:566s
2025-09-01 18:30:59 | INFO     | core.sync.sync_stock:process_symbol:106 - [000045] 开始同步
2025-09-01 18:30:59 | INFO     | core.sync.sync_stock:sync_stock_zh_a_hist_all:182 - 进度 12/500 (2.4%) | 成功:0 失败:12 | 耗时:13s 剩余:535s
2025-09-01 18:32:25 | INFO     | core.sync.sync_stock:sync_stock_zh_a_hist_all:32 - 开始同步历史数据，结束日期: 2025-09-01, 复权: hfq, 并发: 5
2025-09-01 18:32:26 | INFO     | core.sync.sync_stock:sync_stock_zh_a_hist_all:48 - 股票代码: 5743, 已有任务: 5743
2025-09-01 18:32:26 | INFO     | core.sync.sync_stock:sync_stock_zh_a_hist_all:65 - 新增任务: 0
2025-09-01 18:32:27 | INFO     | core.sync.sync_stock:sync_stock_zh_a_hist_all:92 - 待处理任务: 500
2025-09-01 18:32:27 | INFO     | core.sync.sync_stock:process_symbol:106 - [000023] 开始同步
2025-09-01 18:32:27 | INFO     | core.sync.sync_stock:process_symbol:106 - [000025] 开始同步
2025-09-01 18:32:27 | INFO     | core.sync.sync_stock:process_symbol:106 - [000026] 开始同步
2025-09-01 18:32:27 | INFO     | core.sync.sync_stock:process_symbol:106 - [000027] 开始同步
2025-09-01 18:32:27 | INFO     | core.sync.sync_stock:process_symbol:106 - [000028] 开始同步
2025-09-01 18:32:29 | ERROR    | core.sync.sync_stock:sync_stock_zh_a_hist:349 - [000023] 数据库操作失败: strptime() argument 1 must be str, not datetime.date
2025-09-01 18:32:29 | ERROR    | core.sync.sync_stock:process_symbol:126 - [000023] 失败，耗时: 2.14s，错误: strptime() argument 1 must be str, not datetime.date
2025-09-01 18:32:29 | ERROR    | core.sync.sync_stock:sync_stock_zh_a_hist:349 - [000026] 数据库操作失败: strptime() argument 1 must be str, not datetime.date
2025-09-01 18:32:29 | ERROR    | core.sync.sync_stock:process_symbol:126 - [000026] 失败，耗时: 2.21s，错误: strptime() argument 1 must be str, not datetime.date
2025-09-01 18:32:29 | ERROR    | core.sync.sync_stock:sync_stock_zh_a_hist:349 - [000025] 数据库操作失败: strptime() argument 1 must be str, not datetime.date
2025-09-01 18:32:29 | ERROR    | core.sync.sync_stock:process_symbol:126 - [000025] 失败，耗时: 2.36s，错误: strptime() argument 1 must be str, not datetime.date
2025-09-01 18:32:29 | ERROR    | core.sync.sync_stock:sync_stock_zh_a_hist:349 - [000028] 数据库操作失败: strptime() argument 1 must be str, not datetime.date
2025-09-01 18:32:29 | ERROR    | core.sync.sync_stock:process_symbol:126 - [000028] 失败，耗时: 2.60s，错误: strptime() argument 1 must be str, not datetime.date
2025-09-01 18:32:29 | ERROR    | core.sync.sync_stock:sync_stock_zh_a_hist:349 - [000027] 数据库操作失败: strptime() argument 1 must be str, not datetime.date
2025-09-01 18:32:29 | ERROR    | core.sync.sync_stock:process_symbol:126 - [000027] 失败，耗时: 2.66s，错误: strptime() argument 1 must be str, not datetime.date
2025-09-01 18:32:31 | INFO     | core.sync.sync_stock:process_symbol:106 - [000029] 开始同步
2025-09-01 18:32:31 | INFO     | core.sync.sync_stock:process_symbol:106 - [000030] 开始同步
2025-09-01 18:32:31 | INFO     | core.sync.sync_stock:sync_stock_zh_a_hist_all:182 - 进度 1/500 (0.2%) | 成功:0 失败:1 | 耗时:4s 剩余:2129s
2025-09-01 18:32:31 | INFO     | core.sync.sync_stock:process_symbol:106 - [000031] 开始同步
2025-09-01 18:32:31 | INFO     | core.sync.sync_stock:process_symbol:106 - [000032] 开始同步
2025-09-01 18:32:32 | INFO     | core.sync.sync_stock:process_symbol:106 - [000033] 开始同步
2025-09-01 18:32:32 | ERROR    | core.sync.sync_stock:sync_stock_zh_a_hist:349 - [000030] 数据库操作失败: strptime() argument 1 must be str, not datetime.date
2025-09-01 18:32:32 | ERROR    | core.sync.sync_stock:process_symbol:126 - [000030] 失败，耗时: 1.55s，错误: strptime() argument 1 must be str, not datetime.date
2025-09-01 18:32:33 | ERROR    | core.sync.sync_stock:sync_stock_zh_a_hist:349 - [000029] 数据库操作失败: strptime() argument 1 must be str, not datetime.date
2025-09-01 18:32:33 | ERROR    | core.sync.sync_stock:process_symbol:126 - [000029] 失败，耗时: 1.97s，错误: strptime() argument 1 must be str, not datetime.date
2025-09-01 18:32:33 | ERROR    | core.sync.sync_stock:sync_stock_zh_a_hist:349 - [000033] 数据库操作失败: strptime() argument 1 must be str, not datetime.date
2025-09-01 18:32:33 | ERROR    | core.sync.sync_stock:process_symbol:126 - [000033] 失败，耗时: 1.58s，错误: strptime() argument 1 must be str, not datetime.date
2025-09-01 18:32:33 | ERROR    | core.sync.sync_stock:sync_stock_zh_a_hist:349 - [000032] 数据库操作失败: strptime() argument 1 must be str, not datetime.date
2025-09-01 18:32:33 | ERROR    | core.sync.sync_stock:process_symbol:126 - [000032] 失败，耗时: 1.91s，错误: strptime() argument 1 must be str, not datetime.date
2025-09-01 18:32:33 | ERROR    | core.sync.sync_stock:sync_stock_zh_a_hist:349 - [000031] 数据库操作失败: strptime() argument 1 must be str, not datetime.date
2025-09-01 18:32:33 | ERROR    | core.sync.sync_stock:process_symbol:126 - [000031] 失败，耗时: 1.96s，错误: strptime() argument 1 must be str, not datetime.date
2025-09-01 18:32:34 | INFO     | core.sync.sync_stock:process_symbol:106 - [000034] 开始同步
2025-09-01 18:32:34 | INFO     | core.sync.sync_stock:process_symbol:106 - [000035] 开始同步
2025-09-01 18:32:35 | INFO     | core.sync.sync_stock:process_symbol:106 - [000036] 开始同步
2025-09-01 18:32:35 | INFO     | core.sync.sync_stock:process_symbol:106 - [000037] 开始同步
2025-09-01 18:32:35 | INFO     | core.sync.sync_stock:process_symbol:106 - [000038] 开始同步
2025-09-01 18:32:36 | ERROR    | core.sync.sync_stock:sync_stock_zh_a_hist:349 - [000034] 数据库操作失败: strptime() argument 1 must be str, not datetime.date
2025-09-01 18:32:36 | ERROR    | core.sync.sync_stock:process_symbol:126 - [000034] 失败，耗时: 2.29s，错误: strptime() argument 1 must be str, not datetime.date
2025-09-01 18:32:36 | ERROR    | core.sync.sync_stock:sync_stock_zh_a_hist:349 - [000035] 数据库操作失败: strptime() argument 1 must be str, not datetime.date
2025-09-01 18:32:36 | ERROR    | core.sync.sync_stock:process_symbol:126 - [000035] 失败，耗时: 1.83s，错误: strptime() argument 1 must be str, not datetime.date
2025-09-01 18:32:37 | ERROR    | core.sync.sync_stock:sync_stock_zh_a_hist:349 - [000038] 数据库操作失败: strptime() argument 1 must be str, not datetime.date
2025-09-01 18:32:37 | ERROR    | core.sync.sync_stock:process_symbol:126 - [000038] 失败，耗时: 1.78s，错误: strptime() argument 1 must be str, not datetime.date
2025-09-01 18:32:37 | ERROR    | core.sync.sync_stock:sync_stock_zh_a_hist:349 - [000036] 数据库操作失败: strptime() argument 1 must be str, not datetime.date
2025-09-01 18:32:37 | ERROR    | core.sync.sync_stock:process_symbol:126 - [000036] 失败，耗时: 2.10s，错误: strptime() argument 1 must be str, not datetime.date
2025-09-01 18:32:37 | ERROR    | core.sync.sync_stock:sync_stock_zh_a_hist:349 - [000037] 数据库操作失败: strptime() argument 1 must be str, not datetime.date
2025-09-01 18:32:37 | ERROR    | core.sync.sync_stock:process_symbol:126 - [000037] 失败，耗时: 2.52s，错误: strptime() argument 1 must be str, not datetime.date
2025-09-01 18:32:38 | INFO     | core.sync.sync_stock:process_symbol:106 - [000039] 开始同步
2025-09-01 18:32:38 | INFO     | core.sync.sync_stock:process_symbol:106 - [000040] 开始同步
2025-09-01 18:32:38 | INFO     | core.sync.sync_stock:process_symbol:106 - [000042] 开始同步
2025-09-01 18:32:39 | INFO     | core.sync.sync_stock:process_symbol:106 - [000045] 开始同步
2025-09-01 18:32:39 | INFO     | core.sync.sync_stock:process_symbol:106 - [000046] 开始同步
2025-09-01 18:32:40 | ERROR    | core.sync.sync_stock:sync_stock_zh_a_hist:349 - [000039] 数据库操作失败: strptime() argument 1 must be str, not datetime.date
2025-09-01 18:32:40 | ERROR    | core.sync.sync_stock:process_symbol:126 - [000039] 失败，耗时: 2.34s，错误: strptime() argument 1 must be str, not datetime.date
2025-09-01 18:32:41 | ERROR    | core.sync.sync_stock:sync_stock_zh_a_hist:349 - [000040] 数据库操作失败: strptime() argument 1 must be str, not datetime.date
2025-09-01 18:32:41 | ERROR    | core.sync.sync_stock:process_symbol:126 - [000040] 失败，耗时: 2.15s，错误: strptime() argument 1 must be str, not datetime.date
2025-09-01 18:32:41 | ERROR    | core.sync.sync_stock:sync_stock_zh_a_hist:349 - [000042] 数据库操作失败: strptime() argument 1 must be str, not datetime.date
2025-09-01 18:32:41 | ERROR    | core.sync.sync_stock:process_symbol:126 - [000042] 失败，耗时: 2.24s，错误: strptime() argument 1 must be str, not datetime.date
2025-09-01 18:32:41 | ERROR    | core.sync.sync_stock:sync_stock_zh_a_hist:349 - [000045] 数据库操作失败: strptime() argument 1 must be str, not datetime.date
2025-09-01 18:32:41 | ERROR    | core.sync.sync_stock:process_symbol:126 - [000045] 失败，耗时: 2.43s，错误: strptime() argument 1 must be str, not datetime.date
2025-09-01 18:32:42 | ERROR    | core.sync.sync_stock:sync_stock_zh_a_hist:349 - [000046] 数据库操作失败: strptime() argument 1 must be str, not datetime.date
2025-09-01 18:32:42 | ERROR    | core.sync.sync_stock:process_symbol:126 - [000046] 失败，耗时: 2.39s，错误: strptime() argument 1 must be str, not datetime.date
2025-09-01 18:34:20 | INFO     | core.sync.sync_stock:sync_stock_zh_a_hist_all:32 - 开始同步历史数据，结束日期: 2025-09-01, 复权: hfq, 并发: 5
2025-09-01 18:34:20 | INFO     | core.sync.sync_stock:sync_stock_zh_a_hist_all:48 - 股票代码: 5743, 已有任务: 5743
2025-09-01 18:34:20 | INFO     | core.sync.sync_stock:sync_stock_zh_a_hist_all:65 - 新增任务: 0
2025-09-01 18:34:21 | INFO     | core.sync.sync_stock:sync_stock_zh_a_hist_all:92 - 待处理任务: 500
2025-09-01 18:34:21 | INFO     | core.sync.sync_stock:process_symbol:106 - [000023] 开始同步
2025-09-01 18:34:21 | INFO     | core.sync.sync_stock:process_symbol:106 - [000025] 开始同步
2025-09-01 18:34:21 | INFO     | core.sync.sync_stock:process_symbol:106 - [000026] 开始同步
2025-09-01 18:34:21 | INFO     | core.sync.sync_stock:process_symbol:106 - [000027] 开始同步
2025-09-01 18:34:21 | INFO     | core.sync.sync_stock:process_symbol:106 - [000028] 开始同步
2025-09-01 18:34:23 | INFO     | core.sync.sync_stock:sync_stock_zh_a_hist:325 - [000023] 批量插入 1000 条新记录
2025-09-01 18:34:23 | INFO     | core.sync.sync_stock:sync_stock_zh_a_hist:325 - [000025] 批量插入 1000 条新记录
2025-09-01 18:34:24 | INFO     | core.sync.sync_stock:sync_stock_zh_a_hist:325 - [000023] 批量插入 1000 条新记录
2025-09-01 18:34:24 | INFO     | core.sync.sync_stock:sync_stock_zh_a_hist:325 - [000026] 批量插入 1000 条新记录
2025-09-01 18:34:24 | INFO     | core.sync.sync_stock:sync_stock_zh_a_hist:325 - [000028] 批量插入 1000 条新记录
2025-09-01 18:34:24 | INFO     | core.sync.sync_stock:sync_stock_zh_a_hist:325 - [000027] 批量插入 1000 条新记录
2025-09-01 18:34:24 | INFO     | core.sync.sync_stock:sync_stock_zh_a_hist:325 - [000025] 批量插入 1000 条新记录
2025-09-01 18:34:24 | INFO     | core.sync.sync_stock:sync_stock_zh_a_hist:325 - [000026] 批量插入 1000 条新记录
2025-09-01 18:34:24 | INFO     | core.sync.sync_stock:sync_stock_zh_a_hist:325 - [000023] 批量插入 1000 条新记录
2025-09-01 18:34:24 | INFO     | core.sync.sync_stock:sync_stock_zh_a_hist:325 - [000028] 批量插入 1000 条新记录
2025-09-01 18:34:24 | INFO     | core.sync.sync_stock:sync_stock_zh_a_hist:325 - [000027] 批量插入 1000 条新记录
2025-09-01 18:34:25 | INFO     | core.sync.sync_stock:sync_stock_zh_a_hist:325 - [000025] 批量插入 1000 条新记录
2025-09-01 18:34:25 | INFO     | core.sync.sync_stock:sync_stock_zh_a_hist:325 - [000026] 批量插入 1000 条新记录
2025-09-01 18:34:25 | INFO     | core.sync.sync_stock:sync_stock_zh_a_hist:325 - [000028] 批量插入 1000 条新记录
2025-09-01 18:34:25 | INFO     | core.sync.sync_stock:sync_stock_zh_a_hist:325 - [000023] 批量插入 1000 条新记录
2025-09-01 18:34:25 | INFO     | core.sync.sync_stock:sync_stock_zh_a_hist:325 - [000027] 批量插入 1000 条新记录
2025-09-01 18:34:25 | INFO     | core.sync.sync_stock:sync_stock_zh_a_hist:325 - [000025] 批量插入 1000 条新记录
2025-09-01 18:34:26 | INFO     | core.sync.sync_stock:sync_stock_zh_a_hist:325 - [000028] 批量插入 1000 条新记录
2025-09-01 18:34:26 | INFO     | core.sync.sync_stock:sync_stock_zh_a_hist:325 - [000027] 批量插入 1000 条新记录
2025-09-01 18:34:26 | INFO     | core.sync.sync_stock:sync_stock_zh_a_hist:325 - [000026] 批量插入 1000 条新记录
2025-09-01 18:34:26 | INFO     | core.sync.sync_stock:sync_stock_zh_a_hist:325 - [000023] 批量插入 1000 条新记录
2025-09-01 18:34:26 | INFO     | core.sync.sync_stock:sync_stock_zh_a_hist:325 - [000025] 批量插入 1000 条新记录
2025-09-01 18:34:26 | INFO     | core.sync.sync_stock:sync_stock_zh_a_hist:325 - [000028] 批量插入 1000 条新记录
2025-09-01 18:34:26 | INFO     | core.sync.sync_stock:sync_stock_zh_a_hist:325 - [000027] 批量插入 1000 条新记录
2025-09-01 18:34:26 | INFO     | core.sync.sync_stock:sync_stock_zh_a_hist:325 - [000026] 批量插入 1000 条新记录
2025-09-01 18:34:27 | INFO     | core.sync.sync_stock:sync_stock_zh_a_hist:325 - [000023] 批量插入 1000 条新记录
2025-09-01 18:34:27 | INFO     | core.sync.sync_stock:sync_stock_zh_a_hist:325 - [000025] 批量插入 1000 条新记录
2025-09-01 18:34:27 | INFO     | core.sync.sync_stock:sync_stock_zh_a_hist:325 - [000028] 批量插入 1000 条新记录
2025-09-01 18:34:27 | INFO     | core.sync.sync_stock:sync_stock_zh_a_hist:325 - [000027] 批量插入 1000 条新记录
2025-09-01 18:34:27 | INFO     | core.sync.sync_stock:sync_stock_zh_a_hist:325 - [000026] 批量插入 1000 条新记录
2025-09-01 18:34:28 | INFO     | core.sync.sync_stock:sync_stock_zh_a_hist:325 - [000023] 批量插入 1000 条新记录
2025-09-01 18:34:28 | INFO     | core.sync.sync_stock:sync_stock_zh_a_hist:325 - [000027] 批量插入 1000 条新记录
2025-09-01 18:34:28 | INFO     | core.sync.sync_stock:sync_stock_zh_a_hist:325 - [000028] 批量插入 1000 条新记录
2025-09-01 18:34:28 | INFO     | core.sync.sync_stock:sync_stock_zh_a_hist:325 - [000025] 批量插入 1000 条新记录
2025-09-01 18:34:28 | INFO     | core.sync.sync_stock:sync_stock_zh_a_hist:325 - [000023] 批量插入 215 条新记录
2025-09-01 18:34:28 | INFO     | core.sync.sync_stock:sync_stock_zh_a_hist:325 - [000026] 批量插入 1000 条新记录
2025-09-01 18:34:28 | INFO     | core.sync.sync_stock:sync_stock_zh_a_hist:339 - [000023] 成功处理 7215 条历史记录 (新增: 7215, 更新: 0), 调整类型: hfq
2025-09-01 18:34:28 | INFO     | core.sync.sync_stock:process_symbol:119 - [000023] 完成，耗时: 7.59s，记录: 7215
2025-09-01 18:34:28 | INFO     | core.sync.sync_stock:sync_stock_zh_a_hist:325 - [000027] 批量插入 632 条新记录
2025-09-01 18:34:28 | INFO     | core.sync.sync_stock:sync_stock_zh_a_hist:339 - [000027] 成功处理 7632 条历史记录 (新增: 7632, 更新: 0), 调整类型: hfq
2025-09-01 18:34:28 | INFO     | core.sync.sync_stock:process_symbol:119 - [000027] 完成，耗时: 7.66s，记录: 7632
2025-09-01 18:34:28 | INFO     | core.sync.sync_stock:sync_stock_zh_a_hist:325 - [000028] 批量插入 601 条新记录
2025-09-01 18:34:28 | INFO     | core.sync.sync_stock:sync_stock_zh_a_hist:339 - [000028] 成功处理 7601 条历史记录 (新增: 7601, 更新: 0), 调整类型: hfq
2025-09-01 18:34:29 | INFO     | core.sync.sync_stock:process_symbol:119 - [000028] 完成，耗时: 7.70s，记录: 7601
2025-09-01 18:34:29 | INFO     | core.sync.sync_stock:sync_stock_zh_a_hist:325 - [000025] 批量插入 692 条新记录
2025-09-01 18:34:29 | INFO     | core.sync.sync_stock:sync_stock_zh_a_hist:339 - [000025] 成功处理 7692 条历史记录 (新增: 7692, 更新: 0), 调整类型: hfq
2025-09-01 18:34:29 | INFO     | core.sync.sync_stock:process_symbol:119 - [000025] 完成，耗时: 7.99s，记录: 7692
2025-09-01 18:34:29 | INFO     | core.sync.sync_stock:sync_stock_zh_a_hist:325 - [000026] 批量插入 734 条新记录
2025-09-01 18:34:29 | INFO     | core.sync.sync_stock:sync_stock_zh_a_hist:339 - [000026] 成功处理 7734 条历史记录 (新增: 7734, 更新: 0), 调整类型: hfq
2025-09-01 18:34:29 | INFO     | core.sync.sync_stock:process_symbol:119 - [000026] 完成，耗时: 8.10s，记录: 7734
2025-09-01 18:34:30 | INFO     | core.sync.sync_stock:process_symbol:106 - [000029] 开始同步
2025-09-01 18:34:30 | INFO     | core.sync.sync_stock:process_symbol:106 - [000030] 开始同步
2025-09-01 18:34:30 | INFO     | core.sync.sync_stock:process_symbol:106 - [000031] 开始同步
2025-09-01 18:34:31 | INFO     | core.sync.sync_stock:sync_stock_zh_a_hist_all:182 - 进度 1/500 (0.2%) | 成功:1 失败:0 | 耗时:10s 剩余:4941s
2025-09-01 18:34:31 | INFO     | core.sync.sync_stock:process_symbol:106 - [000032] 开始同步
2025-09-01 18:34:31 | INFO     | core.sync.sync_stock:process_symbol:106 - [000033] 开始同步
2025-09-01 18:34:31 | INFO     | core.sync.sync_stock:sync_stock_zh_a_hist_all:182 - 进度 2/500 (0.4%) | 成功:2 失败:0 | 耗时:10s 剩余:2575s
2025-09-01 18:34:32 | INFO     | core.sync.sync_stock:sync_stock_zh_a_hist_all:182 - 进度 3/500 (0.6%) | 成功:3 失败:0 | 耗时:11s 剩余:1839s
2025-09-01 18:34:33 | INFO     | core.sync.sync_stock:sync_stock_zh_a_hist:325 - [000030] 批量插入 1000 条新记录
2025-09-01 18:34:33 | INFO     | core.sync.sync_stock:sync_stock_zh_a_hist_all:182 - 进度 4/500 (0.8%) | 成功:4 失败:0 | 耗时:12s 剩余:1466s
2025-09-01 18:34:33 | INFO     | core.sync.sync_stock:sync_stock_zh_a_hist:325 - [000029] 批量插入 1000 条新记录
2025-09-01 18:34:33 | INFO     | core.sync.sync_stock:sync_stock_zh_a_hist:325 - [000031] 批量插入 1000 条新记录
2025-09-01 18:34:33 | INFO     | core.sync.sync_stock:sync_stock_zh_a_hist:325 - [000030] 批量插入 1000 条新记录
2025-09-01 18:34:33 | INFO     | core.sync.sync_stock:sync_stock_zh_a_hist_all:182 - 进度 5/500 (1.0%) | 成功:5 失败:0 | 耗时:12s 剩余:1228s
2025-09-01 18:34:33 | INFO     | core.sync.sync_stock:sync_stock_zh_a_hist:325 - [000032] 批量插入 1000 条新记录
2025-09-01 18:34:34 | INFO     | core.sync.sync_stock:sync_stock_zh_a_hist:325 - [000029] 批量插入 1000 条新记录
2025-09-01 18:34:34 | INFO     | core.sync.sync_stock:sync_stock_zh_a_hist:325 - [000031] 批量插入 1000 条新记录
2025-09-01 18:34:34 | INFO     | core.sync.sync_stock:sync_stock_zh_a_hist:325 - [000030] 批量插入 1000 条新记录
2025-09-01 18:34:34 | INFO     | core.sync.sync_stock:sync_stock_zh_a_hist:325 - [000033] 批量插入 1000 条新记录
2025-09-01 18:34:34 | INFO     | core.sync.sync_stock:sync_stock_zh_a_hist:325 - [000032] 批量插入 1000 条新记录
2025-09-01 18:34:34 | INFO     | core.sync.sync_stock:sync_stock_zh_a_hist:325 - [000029] 批量插入 1000 条新记录
2025-09-01 18:34:35 | INFO     | core.sync.sync_stock:sync_stock_zh_a_hist:325 - [000031] 批量插入 1000 条新记录
2025-09-01 18:34:35 | INFO     | core.sync.sync_stock:sync_stock_zh_a_hist:325 - [000030] 批量插入 1000 条新记录
2025-09-01 18:34:35 | INFO     | core.sync.sync_stock:sync_stock_zh_a_hist:325 - [000033] 批量插入 1000 条新记录
2025-09-01 18:34:35 | INFO     | core.sync.sync_stock:sync_stock_zh_a_hist:325 - [000032] 批量插入 1000 条新记录
2025-09-01 18:34:35 | INFO     | core.sync.sync_stock:sync_stock_zh_a_hist:325 - [000029] 批量插入 1000 条新记录
2025-09-01 18:34:35 | INFO     | core.sync.sync_stock:sync_stock_zh_a_hist:325 - [000031] 批量插入 1000 条新记录
2025-09-01 18:34:35 | INFO     | core.sync.sync_stock:sync_stock_zh_a_hist:325 - [000030] 批量插入 1000 条新记录
2025-09-01 18:34:35 | INFO     | core.sync.sync_stock:sync_stock_zh_a_hist:325 - [000033] 批量插入 1000 条新记录
2025-09-01 18:34:36 | INFO     | core.sync.sync_stock:sync_stock_zh_a_hist:325 - [000032] 批量插入 1000 条新记录
2025-09-01 18:34:36 | INFO     | core.sync.sync_stock:sync_stock_zh_a_hist:325 - [000031] 批量插入 1000 条新记录
2025-09-01 18:34:36 | INFO     | core.sync.sync_stock:sync_stock_zh_a_hist:325 - [000029] 批量插入 1000 条新记录
2025-09-01 18:34:36 | INFO     | core.sync.sync_stock:sync_stock_zh_a_hist:325 - [000030] 批量插入 1000 条新记录
2025-09-01 18:34:36 | INFO     | core.sync.sync_stock:sync_stock_zh_a_hist:325 - [000033] 批量插入 1000 条新记录
2025-09-01 18:34:36 | INFO     | core.sync.sync_stock:sync_stock_zh_a_hist:325 - [000032] 批量插入 1000 条新记录
2025-09-01 18:34:36 | INFO     | core.sync.sync_stock:sync_stock_zh_a_hist:325 - [000029] 批量插入 1000 条新记录
2025-09-01 18:34:36 | INFO     | core.sync.sync_stock:sync_stock_zh_a_hist:325 - [000031] 批量插入 1000 条新记录
2025-09-01 18:34:37 | INFO     | core.sync.sync_stock:sync_stock_zh_a_hist:325 - [000030] 批量插入 899 条新记录
2025-09-01 18:34:37 | INFO     | core.sync.sync_stock:sync_stock_zh_a_hist:339 - [000030] 成功处理 6899 条历史记录 (新增: 6899, 更新: 0), 调整类型: hfq
2025-09-01 18:34:37 | INFO     | core.sync.sync_stock:process_symbol:119 - [000030] 完成，耗时: 6.34s，记录: 6899
2025-09-01 18:34:37 | INFO     | core.sync.sync_stock:sync_stock_zh_a_hist:325 - [000033] 批量插入 919 条新记录
2025-09-01 18:34:37 | INFO     | core.sync.sync_stock:sync_stock_zh_a_hist:339 - [000033] 成功处理 4919 条历史记录 (新增: 4919, 更新: 0), 调整类型: hfq
2025-09-01 18:34:37 | INFO     | core.sync.sync_stock:process_symbol:119 - [000033] 完成，耗时: 5.68s，记录: 4919
2025-09-01 18:34:37 | INFO     | core.sync.sync_stock:sync_stock_zh_a_hist:325 - [000032] 批量插入 1000 条新记录
2025-09-01 18:34:37 | INFO     | core.sync.sync_stock:sync_stock_zh_a_hist:325 - [000029] 批量插入 684 条新记录
2025-09-01 18:34:37 | INFO     | core.sync.sync_stock:sync_stock_zh_a_hist:339 - [000029] 成功处理 6684 条历史记录 (新增: 6684, 更新: 0), 调整类型: hfq
2025-09-01 18:34:37 | INFO     | core.sync.sync_stock:process_symbol:119 - [000029] 完成，耗时: 6.80s，记录: 6684
2025-09-01 18:34:37 | INFO     | core.sync.sync_stock:sync_stock_zh_a_hist:325 - [000031] 批量插入 1000 条新记录
2025-09-01 18:34:38 | INFO     | core.sync.sync_stock:sync_stock_zh_a_hist:325 - [000032] 批量插入 1000 条新记录
2025-09-01 18:34:38 | INFO     | core.sync.sync_stock:sync_stock_zh_a_hist:325 - [000031] 批量插入 449 条新记录
2025-09-01 18:34:38 | INFO     | core.sync.sync_stock:sync_stock_zh_a_hist:339 - [000031] 成功处理 7449 条历史记录 (新增: 7449, 更新: 0), 调整类型: hfq
2025-09-01 18:34:38 | INFO     | core.sync.sync_stock:process_symbol:119 - [000031] 完成，耗时: 7.27s，记录: 7449
2025-09-01 18:34:38 | INFO     | core.sync.sync_stock:sync_stock_zh_a_hist:325 - [000032] 批量插入 403 条新记录
2025-09-01 18:34:38 | INFO     | core.sync.sync_stock:sync_stock_zh_a_hist:339 - [000032] 成功处理 7403 条历史记录 (新增: 7403, 更新: 0), 调整类型: hfq
2025-09-01 18:34:38 | INFO     | core.sync.sync_stock:process_symbol:119 - [000032] 完成，耗时: 7.03s，记录: 7403
2025-09-01 18:34:39 | INFO     | core.sync.sync_stock:process_symbol:106 - [000034] 开始同步
2025-09-01 18:34:39 | INFO     | core.sync.sync_stock:process_symbol:106 - [000035] 开始同步
